{"name": "test_info", "status": "failed", "statusDetails": {"message": "AssertionError: assert False", "trace": "self = <test_allureex.TestHRM object at 0x7fc26dfbbeb0>\n\n    @allure.severity(allure.severity_level.NORMAL)\n    def test_info(self):\n        self.driver = webdriver.Chrome()\n        self.driver.get(\"https://opensource-demo.orangehrmlive.com/\")\n        self.driver.find_element_by_id(\"txtUsername\").send_keys(\"Admin\")\n        self.driver.find_element_by_id(\"txtPassword\").send_keys(\"admin123\")\n        self.driver.find_element_by_id(\"btnLogin\").click()\n        time.sleep(5)\n        self.driver.find_element_by_link_text(\"My Info\")\n        act_url=self.driver.get(\"https://opensource-demo.orangehrmlive.com/index.php/dashboard\") # в копии этого файла тест помечен в отчёте аллюра как Broken - AttributeError: 'WebDriver' object has no attribute 'getCurrentUrl'\n    \n        if act_url == \"https://opensource-demo.orangehrmlive.com/index.php/dashboard\":\n            allure.attach(self.driver.get_screenshot_as_png(), name=\"MyInfo-30-07\", attachment_type=(AttachmentType.PNG))\n            self.driver.close()\n            assert True\n        else:\n            self.driver.close()\n>           assert False\nE           assert False\n\ntest_allureex.py:61: AssertionError"}, "start": 1627638350152, "stop": 1627638362166, "uuid": "e504315a-6efe-4ebe-bd0f-d4ef921ad86f", "historyId": "4757ff975257e0a5e43d9ea1a528570e", "testCaseId": "7950ba7fc84cdbfe33d993f40beccdf4", "fullName": "test_allureex.TestHRM#test_info", "labels": [{"name": "severity", "value": "normal"}, {"name": "suite", "value": "test_allureex"}, {"name": "subSuite", "value": "TestHRM"}, {"name": "host", "value": "imac-imac.zuzex.lan"}, {"name": "thread", "value": "21527-MainThread"}, {"name": "framework", "value": "pytest"}, {"name": "language", "value": "cpython3"}, {"name": "package", "value": "test_allureex"}]}